GAUCUGAGCCUGGGAGCUCUC t: RM 1.0 M:0 P:---

GAUCUGAGCCUGGGAGCUCUC t: GC 1.0 M:0 P:---

GAUCUGAGCCUGGGAGCUCGC t: GC 0.82392091109 M:1 P:0.483870967741935
GAUCUGAGCCUGGAGGCUCUC t: GC 0.821654422215 M:2 P:0.705718270571827
GAUCUGAGCCUGGGGGCUCUC t: RM 0.817529945313 M:1 P:0.435483870967742
GAUCUGAGCCUGGGGGCUCUC t: GC 0.817529945313 M:1 P:0.435483870967742
GAACUGAGCCUGGGGGCUCUC t: GC 0.816965983494 M:2 P:0.675034867503487
GAUCUGAGCCUGCGGGCUCUC t: GC 0.816952671031 M:2 P:0.673640167364017
GAUCUGAGCCUUCGGGCUCUC t: GC 0.815405682763 M:3 P:0.781111111111111
GUUCUGAGCCUGGGGGCUCUC t: GC 0.796335945787 M:2 P:0.635983263598326
GAUCGGAGCGUGGGAGCUCUC t: GC 0.792827027546 M:2 P:0.627615062761506
GAUCUGAGACUGGGAGGUCUC t: GC 0.756299469374 M:2 P:0.592747559274756
GAUCUGAGCGUGGGAGCGCUC t: GC 0.753993099336 M:2 P:0.592747559274756
GAUCUGAGCCUGGGAGGGCUC t: GC 0.752995599048 M:2 P:0.589958158995816
AAUCUGAGCCCGGGAGGGCUC t: GC 0.747506729045 M:4 P:0.76972972972973
UAUAUGAGCCCGGGAGGGCUC t: GC 0.747424261233 M:5 P:0.805793991416309
UAUCUGAGCCCGUGAGGGCUC t: GC 0.74733993122 M:5 P:0.804721030042919
UAUCUGAGCGCGCGAGCGCUC t: GC 0.747338225336 M:5 P:0.804721030042919
GAUAUGAGCCCGGGAGGGCUC t: GC 0.747104186492 M:4 P:0.768648648648649
GAUCUGAGCCCGGGAGGGCUC t: RM 0.747104181932 M:0 P:---

GAUCUGAGACCGGGAGGUCUC t: GC 0.747089568522 M:3 P:0.707777777777778
GAUCUGAGCCCGUGAGGGCUC t: GC 0.747020028552 M:4 P:0.768648648648649
GAUCUGAGCCCGGAAGGGCUC t: RM 0.747020028474 M:4 P:0.768648648648649
GAUCUGAGCCCGGAAGGGCUC t: GC 0.747020028474 M:4 P:0.768648648648649
GAACUGAGCCCGGAAGGGCUC t: GC 0.747019790031 M:5 P:0.804721030042919
GAUCUGAGCCUGAGAGGGCUC t: GC 0.746384137204 M:3 P:0.706666666666667
GAUGUGAGCCCGUGAGGGCUC t: GC 0.745788846783 M:5 P:0.804721030042919
GAUCUGAGCCUGGGGGCUCUG t: GC 0.732073979621 M:2 P:0.566248256624826
GAUCGGAGCCUGGGAGCUCUG t: GC 0.692539049191 M:2 P:0.541143654114365
GAUCAGAGCCUGCGAGCUCUG t: GC 0.686414481869 M:3 P:0.637777777777778
GAUGAGAGCCUGGGAGCUCUC t: GC 0.683273778651 M:2 P:0.531380753138075
GAUGGGAGCCUGGGAGCUCUC t: GC 0.675512567439 M:2 P:0.521617852161785
GAUUAGAGCCUGGGGGCUCUC t: GC 0.672629305252 M:3 P:0.62
GAUCAGAGCCUGGGGGCUCUC t: GC 0.67262924832 M:2 P:0.518828451882845
GAUCUGAGCCUGGGGGCUCAC t: RM 0.671215214139 M:2 P:0.517433751743375
GAUCUGAGCCUGGGGGCUCAC t: GC 0.671215214139 M:2 P:0.517433751743375
GAUCUGAGCCUUGGAGCGCUC t: GC 0.660626918611 M:2 P:0.511854951185495
GAUCGGAGCCUGUGGGCUCUG t: GC 0.558434067746 M:4 P:0.589189189189189
GAUGUGAGCCUGGGGGCUCAC t: GC 0.555009879803 M:3 P:0.526666666666667
GAUCUGAGCCUGGGGGCUCAG t: GC 0.554520360676 M:3 P:0.526666666666667
GAUCAGAGCCUGGGGGCUCUG t: GC 0.554174890383 M:3 P:0.525555555555556
GAUGAGAGCCUGGGGGCUCUC t: GC 0.553363086784 M:3 P:0.525555555555556
GAUGUGAGCCUUCGGGCUCAC t: GC 0.552813740111 M:5 P:0.63519313304721
GAUGUGAGCCUUCGGGCUCGC t: GC 0.552509043549 M:5 P:0.63519313304721
GAUCUGAGCCUACGGGCUCAG t: GC 0.552369905405 M:5 P:0.63519313304721
GAUGAGAGCCUUCGGGCUCUC t: GC 0.551165898728 M:5 P:0.63412017167382
AAUCAGAGCCCGGGGGCUCUG t: GC 0.551005812382 M:5 P:0.63412017167382
GAUGGGAGCCCGGGGGCUCCC t: RM 0.548663958718 M:0 P:---

GAUCUGCUCCUGGGAGCGAUC t: GC 0.543377526833 M:4 P:0.577297297297297
GAUCUGAGCCUACGGGCUCGG t: GC 0.538913710972 M:5 P:0.626609442060086
GAUCUGCGCCUGGCAGAUCUC t: GC 0.0669805533327 M:3 P:0.314444444444444
GAGCUCCGCUUGGGAGCUCUC t: GC 0.0658031829903 M:4 P:0.332972972972973
GAGCUCCGACUGGGAGCUCUC t: GC 0.0658009345981 M:4 P:0.332972972972973
GCUCCCAUCCUGGGAGCUCUC t: GC -0.402075242881 M:4 P:0.109189189189189
GAUCCCAGCCUGGGGUCUCUC t: GC -0.405849196763 M:4 P:0.105945945945946
GCUCUGAGCCAGGGAGCACUC t: GC -0.50666171796 M:3 P:0.0288888888888889
